Copyright 1986-2020 Xilinx, Inc. All Rights Reserved.
--------------------------------------------------------------------------------------------
| Tool Version : Vivado v.2020.1 (win64) Build 2902540 Wed May 27 19:54:49 MDT 2020
| Date         : Thu May 30 15:37:53 2024
| Host         : zjuer-xixi running 64-bit major release  (build 9200)
| Command      : report_clock_utilization -file MusicPLayerTop_clock_utilization_routed.rpt
| Design       : MusicPLayerTop
| Device       : 7a200t-fbg484
| Speed File   : -1  PRODUCTION 1.23 2018-06-13
| Design State : Routed
--------------------------------------------------------------------------------------------

Clock Utilization Report

Table of Contents
-----------------
1. Clock Primitive Utilization
2. Global Clock Resources
3. Global Clock Source Details
4. Clock Regions: Key Resource Utilization
5. Clock Regions : Global Clock Summary
6. Device Cell Placement Summary for Global Clock g0
7. Device Cell Placement Summary for Global Clock g1
8. Device Cell Placement Summary for Global Clock g2
9. Device Cell Placement Summary for Global Clock g3
10. Device Cell Placement Summary for Global Clock g4
11. Clock Region Cell Placement per Global Clock: Region X0Y1
12. Clock Region Cell Placement per Global Clock: Region X1Y2

1. Clock Primitive Utilization
------------------------------

+----------+------+-----------+-----+--------------+--------+
| Type     | Used | Available | LOC | Clock Region | Pblock |
+----------+------+-----------+-----+--------------+--------+
| BUFGCTRL |    5 |        32 |   0 |            0 |      0 |
| BUFH     |    0 |       120 |   0 |            0 |      0 |
| BUFIO    |    0 |        40 |   0 |            0 |      0 |
| BUFMR    |    0 |        20 |   0 |            0 |      0 |
| BUFR     |    0 |        40 |   0 |            0 |      0 |
| MMCM     |    0 |        10 |   0 |            0 |      0 |
| PLL      |    1 |        10 |   0 |            0 |      0 |
+----------+------+-----------+-----+--------------+--------+


2. Global Clock Resources
-------------------------

+-----------+-----------+-----------------+------------+---------------+--------------+-------------------+-------------+-----------------+--------------+----------------------+--------------------------------------------+--------------------------------------+
| Global Id | Source Id | Driver Type/Pin | Constraint | Site          | Clock Region | Load Clock Region | Clock Loads | Non-Clock Loads | Clock Period | Clock                | Driver Pin                                 | Net                                  |
+-----------+-----------+-----------------+------------+---------------+--------------+-------------------+-------------+-----------------+--------------+----------------------+--------------------------------------------+--------------------------------------+
| g0        | src0      | BUFG/O          | None       | BUFGCTRL_X0Y3 | n/a          |                 1 |         140 |               0 |       10.000 | clk_out1_DCM_Audio_1 | DCM_inst/inst/clkout1_buf/O                | DCM_inst/inst/clk_out1               |
| g1        | src1      | BUFG/O          | None       | BUFGCTRL_X0Y0 | n/a          |                 1 |          24 |               1 |              |                      | AudioInterface_inst/LRCLK_OBUF_BUFG_inst/O | AudioInterface_inst/LRCLK_OBUF_BUFG  |
| g2        | src2      | BUFG/O          | None       | BUFGCTRL_X0Y1 | n/a          |                 2 |          17 |               1 |              |                      | AudioInterface_inst/BCLK_OBUF_BUFG_inst/O  | AudioInterface_inst/BCLK_OBUF_BUFG   |
| g3        | src0      | BUFG/O          | None       | BUFGCTRL_X0Y2 | n/a          |                 2 |           8 |               1 |       80.000 | clk_out2_DCM_Audio_1 | AudioInterface_inst/MCLK_OBUF_BUFG_inst/O  | AudioInterface_inst/MCLK_OBUF_BUFG   |
| g4        | src0      | BUFG/O          | None       | BUFGCTRL_X0Y4 | n/a          |                 1 |           1 |               0 |       10.000 | clkfbout_DCM_Audio_1 | DCM_inst/inst/clkf_buf/O                   | DCM_inst/inst/clkfbout_buf_DCM_Audio |
+-----------+-----------+-----------------+------------+---------------+--------------+-------------------+-------------+-----------------+--------------+----------------------+--------------------------------------------+--------------------------------------+
* Clock Loads column represents the clock pin loads (pin count)
** Non-Clock Loads column represents the non-clock pin loads (pin count)


3. Global Clock Source Details
------------------------------

+-----------+-----------+--------------------+------------+----------------+--------------+-------------+-----------------+---------------------+----------------------+-----------------------------------------+-----------------------------------+
| Source Id | Global Id | Driver Type/Pin    | Constraint | Site           | Clock Region | Clock Loads | Non-Clock Loads | Source Clock Period | Source Clock         | Driver Pin                              | Net                               |
+-----------+-----------+--------------------+------------+----------------+--------------+-------------+-----------------+---------------------+----------------------+-----------------------------------------+-----------------------------------+
| src0      | g0        | PLLE2_ADV/CLKOUT0  | None       | PLLE2_ADV_X1Y2 | X1Y2         |           1 |               0 |              10.000 | clk_out1_DCM_Audio_1 | DCM_inst/inst/plle2_adv_inst/CLKOUT0    | DCM_inst/inst/clk_out1_DCM_Audio  |
| src0      | g3        | PLLE2_ADV/CLKOUT1  | None       | PLLE2_ADV_X1Y2 | X1Y2         |           1 |               0 |              80.000 | clk_out2_DCM_Audio_1 | DCM_inst/inst/plle2_adv_inst/CLKOUT1    | DCM_inst/inst/clk_out2_DCM_Audio  |
| src0      | g4        | PLLE2_ADV/CLKFBOUT | None       | PLLE2_ADV_X1Y2 | X1Y2         |           1 |               0 |              10.000 | clkfbout_DCM_Audio_1 | DCM_inst/inst/plle2_adv_inst/CLKFBOUT   | DCM_inst/inst/clkfbout_DCM_Audio  |
| src1      | g1        | FDRE/Q             | None       | SLICE_X32Y99   | X0Y1         |           1 |               2 |                     |                      | AudioInterface_inst/IIS_inst/q_reg[7]/Q | AudioInterface_inst/IIS_inst/Q[1] |
| src2      | g2        | FDRE/Q             | None       | SLICE_X32Y99   | X0Y1         |           1 |               6 |                     |                      | AudioInterface_inst/IIS_inst/q_reg[1]/Q | AudioInterface_inst/IIS_inst/Q[0] |
+-----------+-----------+--------------------+------------+----------------+--------------+-------------+-----------------+---------------------+----------------------+-----------------------------------------+-----------------------------------+
* Clock Loads column represents the clock pin loads (pin count)
** Non-Clock Loads column represents the non-clock pin loads (pin count)


4. Clock Regions: Key Resource Utilization
------------------------------------------

+-------------------+--------------+--------------+--------------+--------------+--------------+--------------+--------------+--------------+--------------+--------------+--------------+--------------+--------------+--------------+--------------+
|                   | Global Clock |     BUFRs    |    BUFMRs    |    BUFIOs    |     MMCM     |      PLL     |      GT      |      PCI     |    ILOGIC    |    OLOGIC    |      FF      |     LUTM     |    RAMB18    |    RAMB36    |    DSP48E2   |
+-------------------+------+-------+------+-------+------+-------+------+-------+------+-------+------+-------+------+-------+------+-------+------+-------+------+-------+------+-------+------+-------+------+-------+------+-------+------+-------+
| Clock Region Name | Used | Avail | Used | Avail | Used | Avail | Used | Avail | Used | Avail | Used | Avail | Used | Avail | Used | Avail | Used | Avail | Used | Avail | Used | Avail | Used | Avail | Used | Avail | Used | Avail | Used | Avail |
+-------------------+------+-------+------+-------+------+-------+------+-------+------+-------+------+-------+------+-------+------+-------+------+-------+------+-------+------+-------+------+-------+------+-------+------+-------+------+-------+
| X0Y0              |    0 |    12 |    0 |     4 |    0 |     2 |    0 |     4 |    0 |     1 |    0 |     1 |    0 |     4 |    0 |     0 |    0 |    50 |    0 |    50 |    0 |  2700 |    0 |   800 |    0 |    60 |    0 |    30 |    0 |    60 |
| X1Y0              |    0 |    12 |    0 |     4 |    0 |     2 |    0 |     4 |    0 |     1 |    0 |     1 |    0 |     4 |    0 |     0 |    0 |    50 |    0 |    50 |    0 |  2500 |    0 |   800 |    0 |    40 |    0 |    20 |    0 |    40 |
| X0Y1              |    3 |    12 |    0 |     4 |    0 |     2 |    0 |     4 |    0 |     1 |    0 |     1 |    0 |     0 |    0 |     0 |    0 |    50 |    0 |    50 |  161 |  4200 |   87 |  1400 |    0 |   100 |    0 |    50 |    0 |   100 |
| X1Y1              |    0 |    12 |    0 |     4 |    0 |     2 |    0 |     4 |    0 |     1 |    0 |     1 |    0 |     0 |    0 |     0 |    0 |    50 |    0 |    50 |    0 |  4000 |    0 |  1400 |    0 |    80 |    0 |    40 |    0 |    80 |
| X0Y2              |    0 |    12 |    0 |     4 |    0 |     2 |    0 |     4 |    0 |     1 |    0 |     1 |    0 |     0 |    0 |     0 |    0 |    50 |    0 |    50 |    0 |  3600 |    0 |  1400 |    0 |   100 |    0 |    50 |    0 |   100 |
| X1Y2              |    4 |    12 |    0 |     4 |    0 |     2 |    0 |     4 |    0 |     1 |    1 |     1 |    0 |     0 |    0 |     0 |    0 |    50 |    0 |    50 |   24 |  4000 |    5 |  1400 |    0 |    80 |    0 |    40 |    0 |    80 |
| X0Y3              |    0 |    12 |    0 |     4 |    0 |     2 |    0 |     4 |    0 |     1 |    0 |     1 |    0 |     0 |    0 |     0 |    0 |    50 |    0 |    50 |    0 |  3600 |    0 |  1400 |    0 |   100 |    0 |    50 |    0 |   100 |
| X1Y3              |    0 |    12 |    0 |     4 |    0 |     2 |    0 |     4 |    0 |     1 |    0 |     1 |    0 |     0 |    0 |     0 |    0 |    50 |    0 |    50 |    0 |  4000 |    0 |  1400 |    0 |    80 |    0 |    40 |    0 |    80 |
| X0Y4              |    0 |    12 |    0 |     4 |    0 |     2 |    0 |     4 |    0 |     1 |    0 |     1 |    0 |     4 |    0 |     1 |    0 |    50 |    0 |    50 |    0 |  2550 |    0 |   750 |    0 |    50 |    0 |    25 |    0 |    60 |
| X1Y4              |    0 |    12 |    0 |     4 |    0 |     2 |    0 |     4 |    0 |     1 |    0 |     1 |    0 |     4 |    0 |     0 |    0 |    50 |    0 |    50 |    0 |  2500 |    0 |   800 |    0 |    40 |    0 |    20 |    0 |    40 |
+-------------------+------+-------+------+-------+------+-------+------+-------+------+-------+------+-------+------+-------+------+-------+------+-------+------+-------+------+-------+------+-------+------+-------+------+-------+------+-------+
* Global Clock column represents track count; while other columns represents cell counts


5. Clock Regions : Global Clock Summary
---------------------------------------

All Modules
+----+----+----+
|    | X0 | X1 |
+----+----+----+
| Y4 |  0 |  0 |
| Y3 |  0 |  0 |
| Y2 |  0 |  4 |
| Y1 |  3 |  0 |
| Y0 |  0 |  0 |
+----+----+----+


6. Device Cell Placement Summary for Global Clock g0
----------------------------------------------------

+-----------+-----------------+-------------------+----------------------+-------------+---------------+-------------+----------+----------------+----------+------------------------+
| Global Id | Driver Type/Pin | Driver Region (D) | Clock                | Period (ns) | Waveform (ns) | Slice Loads | IO Loads | Clocking Loads | GT Loads | Net                    |
+-----------+-----------------+-------------------+----------------------+-------------+---------------+-------------+----------+----------------+----------+------------------------+
| g0        | BUFG/O          | n/a               | clk_out1_DCM_Audio_1 |      10.000 | {0.000 5.000} |         139 |        0 |              0 |        0 | DCM_inst/inst/clk_out1 |
+-----------+-----------------+-------------------+----------------------+-------------+---------------+-------------+----------+----------------+----------+------------------------+
* Slice Loads column represents load cell count of all cell types other than IO, GT and clock resources
** IO Loads column represents load cell count of IO types
*** Clocking Loads column represents load cell count that are clock resources (global clock buffer, MMCM, PLL, etc)
**** GT Loads column represents load cell count of GT types


+----+------+----+
|    | X0   | X1 |
+----+------+----+
| Y4 |    0 |  0 |
| Y3 |    0 |  0 |
| Y2 |    0 |  0 |
| Y1 |  139 |  0 |
| Y0 |    0 |  0 |
+----+------+----+


7. Device Cell Placement Summary for Global Clock g1
----------------------------------------------------

+-----------+-----------------+-------------------+-------+-------------+---------------+-------------+----------+----------------+----------+-------------------------------------+
| Global Id | Driver Type/Pin | Driver Region (D) | Clock | Period (ns) | Waveform (ns) | Slice Loads | IO Loads | Clocking Loads | GT Loads | Net                                 |
+-----------+-----------------+-------------------+-------+-------------+---------------+-------------+----------+----------------+----------+-------------------------------------+
| g1        | BUFG/O          | n/a               |       |             |               |          24 |        1 |              0 |        0 | AudioInterface_inst/LRCLK_OBUF_BUFG |
+-----------+-----------------+-------------------+-------+-------------+---------------+-------------+----------+----------------+----------+-------------------------------------+
* Slice Loads column represents load cell count of all cell types other than IO, GT and clock resources
** IO Loads column represents load cell count of IO types
*** Clocking Loads column represents load cell count that are clock resources (global clock buffer, MMCM, PLL, etc)
**** GT Loads column represents load cell count of GT types


+----+----+-----+
|    | X0 | X1  |
+----+----+-----+
| Y4 |  0 |   0 |
| Y3 |  0 |   0 |
| Y2 |  0 |  25 |
| Y1 |  0 |   0 |
| Y0 |  0 |   0 |
+----+----+-----+


8. Device Cell Placement Summary for Global Clock g2
----------------------------------------------------

+-----------+-----------------+-------------------+-------+-------------+---------------+-------------+----------+----------------+----------+------------------------------------+
| Global Id | Driver Type/Pin | Driver Region (D) | Clock | Period (ns) | Waveform (ns) | Slice Loads | IO Loads | Clocking Loads | GT Loads | Net                                |
+-----------+-----------------+-------------------+-------+-------------+---------------+-------------+----------+----------------+----------+------------------------------------+
| g2        | BUFG/O          | n/a               |       |             |               |          17 |        1 |              0 |        0 | AudioInterface_inst/BCLK_OBUF_BUFG |
+-----------+-----------------+-------------------+-------+-------------+---------------+-------------+----------+----------------+----------+------------------------------------+
* Slice Loads column represents load cell count of all cell types other than IO, GT and clock resources
** IO Loads column represents load cell count of IO types
*** Clocking Loads column represents load cell count that are clock resources (global clock buffer, MMCM, PLL, etc)
**** GT Loads column represents load cell count of GT types


+----+-----+----+
|    | X0  | X1 |
+----+-----+----+
| Y4 |   0 |  0 |
| Y3 |   0 |  0 |
| Y2 |   0 |  1 |
| Y1 |  17 |  0 |
| Y0 |   0 |  0 |
+----+-----+----+


9. Device Cell Placement Summary for Global Clock g3
----------------------------------------------------

+-----------+-----------------+-------------------+----------------------+-------------+----------------+-------------+----------+----------------+----------+------------------------------------+
| Global Id | Driver Type/Pin | Driver Region (D) | Clock                | Period (ns) | Waveform (ns)  | Slice Loads | IO Loads | Clocking Loads | GT Loads | Net                                |
+-----------+-----------------+-------------------+----------------------+-------------+----------------+-------------+----------+----------------+----------+------------------------------------+
| g3        | BUFG/O          | n/a               | clk_out2_DCM_Audio_1 |      80.000 | {0.000 40.000} |           8 |        1 |              0 |        0 | AudioInterface_inst/MCLK_OBUF_BUFG |
+-----------+-----------------+-------------------+----------------------+-------------+----------------+-------------+----------+----------------+----------+------------------------------------+
* Slice Loads column represents load cell count of all cell types other than IO, GT and clock resources
** IO Loads column represents load cell count of IO types
*** Clocking Loads column represents load cell count that are clock resources (global clock buffer, MMCM, PLL, etc)
**** GT Loads column represents load cell count of GT types


+----+----+----+
|    | X0 | X1 |
+----+----+----+
| Y4 |  0 |  0 |
| Y3 |  0 |  0 |
| Y2 |  0 |  1 |
| Y1 |  8 |  0 |
| Y0 |  0 |  0 |
+----+----+----+


10. Device Cell Placement Summary for Global Clock g4
-----------------------------------------------------

+-----------+-----------------+-------------------+----------------------+-------------+---------------+-------------+----------+----------------+----------+--------------------------------------+
| Global Id | Driver Type/Pin | Driver Region (D) | Clock                | Period (ns) | Waveform (ns) | Slice Loads | IO Loads | Clocking Loads | GT Loads | Net                                  |
+-----------+-----------------+-------------------+----------------------+-------------+---------------+-------------+----------+----------------+----------+--------------------------------------+
| g4        | BUFG/O          | n/a               | clkfbout_DCM_Audio_1 |      10.000 | {0.000 5.000} |           0 |        0 |              1 |        0 | DCM_inst/inst/clkfbout_buf_DCM_Audio |
+-----------+-----------------+-------------------+----------------------+-------------+---------------+-------------+----------+----------------+----------+--------------------------------------+
* Slice Loads column represents load cell count of all cell types other than IO, GT and clock resources
** IO Loads column represents load cell count of IO types
*** Clocking Loads column represents load cell count that are clock resources (global clock buffer, MMCM, PLL, etc)
**** GT Loads column represents load cell count of GT types


+----+----+----+
|    | X0 | X1 |
+----+----+----+
| Y4 |  0 |  0 |
| Y3 |  0 |  0 |
| Y2 |  0 |  1 |
| Y1 |  0 |  0 |
| Y0 |  0 |  0 |
+----+----+----+


11. Clock Region Cell Placement per Global Clock: Region X0Y1
-------------------------------------------------------------

+-----------+-------+-----------------+------------+-------------+-----------------+-----+--------+------+-----+----+------+-----+---------+------------------------------------+
| Global Id | Track | Driver Type/Pin | Constraint | Clock Loads | Non-Clock Loads | FF  | LUTRAM | RAMB | DSP | GT | MMCM | PLL | Hard IP | Net                                |
+-----------+-------+-----------------+------------+-------------+-----------------+-----+--------+------+-----+----+------+-----+---------+------------------------------------+
| g0        | n/a   | BUFG/O          | None       |         139 |               0 | 136 |      0 |    0 |   0 |  0 |    0 |   0 |       0 | DCM_inst/inst/clk_out1             |
| g2        | n/a   | BUFG/O          | None       |          17 |               0 |  17 |      0 |    0 |   0 |  0 |    0 |   0 |       0 | AudioInterface_inst/BCLK_OBUF_BUFG |
| g3        | n/a   | BUFG/O          | None       |           8 |               0 |   8 |      0 |    0 |   0 |  0 |    0 |   0 |       0 | AudioInterface_inst/MCLK_OBUF_BUFG |
+-----------+-------+-----------------+------------+-------------+-----------------+-----+--------+------+-----+----+------+-----+---------+------------------------------------+
* Clock Loads column represents the clock pin loads (pin count)
** Non-Clock Loads column represents the non-clock pin loads (pin count)
*** Columns FF, LUTRAM, RAMB through 'Hard IP' represents load cell counts


12. Clock Region Cell Placement per Global Clock: Region X1Y2
-------------------------------------------------------------

+-----------+-------+-----------------+------------+-------------+-----------------+----+--------+------+-----+----+------+-----+---------+--------------------------------------+
| Global Id | Track | Driver Type/Pin | Constraint | Clock Loads | Non-Clock Loads | FF | LUTRAM | RAMB | DSP | GT | MMCM | PLL | Hard IP | Net                                  |
+-----------+-------+-----------------+------------+-------------+-----------------+----+--------+------+-----+----+------+-----+---------+--------------------------------------+
| g1        | n/a   | BUFG/O          | None       |          24 |               1 | 24 |      0 |    0 |   0 |  0 |    0 |   0 |       0 | AudioInterface_inst/LRCLK_OBUF_BUFG  |
| g2        | n/a   | BUFG/O          | None       |           0 |               1 |  0 |      0 |    0 |   0 |  0 |    0 |   0 |       0 | AudioInterface_inst/BCLK_OBUF_BUFG   |
| g3        | n/a   | BUFG/O          | None       |           0 |               1 |  0 |      0 |    0 |   0 |  0 |    0 |   0 |       0 | AudioInterface_inst/MCLK_OBUF_BUFG   |
| g4        | n/a   | BUFG/O          | None       |           1 |               0 |  0 |      0 |    0 |   0 |  0 |    0 |   1 |       0 | DCM_inst/inst/clkfbout_buf_DCM_Audio |
+-----------+-------+-----------------+------------+-------------+-----------------+----+--------+------+-----+----+------+-----+---------+--------------------------------------+
* Clock Loads column represents the clock pin loads (pin count)
** Non-Clock Loads column represents the non-clock pin loads (pin count)
*** Columns FF, LUTRAM, RAMB through 'Hard IP' represents load cell counts



# Location of BUFG Primitives 
set_property LOC BUFGCTRL_X0Y4 [get_cells DCM_inst/inst/clkf_buf]
set_property LOC BUFGCTRL_X0Y3 [get_cells DCM_inst/inst/clkout1_buf]
set_property LOC BUFGCTRL_X0Y2 [get_cells AudioInterface_inst/MCLK_OBUF_BUFG_inst]
set_property LOC BUFGCTRL_X0Y0 [get_cells AudioInterface_inst/LRCLK_OBUF_BUFG_inst]
set_property LOC BUFGCTRL_X0Y1 [get_cells AudioInterface_inst/BCLK_OBUF_BUFG_inst]

# Location of IO Primitives which is load of clock spine
set_property LOC IOB_X1Y118 [get_cells AudioInterface_inst/MCLK_OBUF_inst]
set_property LOC IOB_X1Y121 [get_cells AudioInterface_inst/LRCLK_OBUF_inst]
set_property LOC IOB_X1Y122 [get_cells AudioInterface_inst/BCLK_OBUF_inst]

# Location of clock ports
set_property LOC IOB_X1Y124 [get_ports clk]

# Clock net "DCM_inst/inst/clk_out1" driven by instance "DCM_inst/inst/clkout1_buf" located at site "BUFGCTRL_X0Y3"
#startgroup
create_pblock {CLKAG_DCM_inst/inst/clk_out1}
add_cells_to_pblock [get_pblocks  {CLKAG_DCM_inst/inst/clk_out1}] [get_cells -filter { PRIMITIVE_GROUP != I/O && IS_PRIMITIVE==1 && PRIMITIVE_LEVEL !=INTERNAL } -of_object [get_pins -filter {DIRECTION==IN} -of_objects [get_nets -hierarchical -filter {PARENT=="DCM_inst/inst/clk_out1"}]]]
resize_pblock [get_pblocks {CLKAG_DCM_inst/inst/clk_out1}] -add {CLOCKREGION_X0Y1:CLOCKREGION_X0Y1}
#endgroup

# Clock net "AudioInterface_inst/MCLK_OBUF_BUFG" driven by instance "AudioInterface_inst/MCLK_OBUF_BUFG_inst" located at site "BUFGCTRL_X0Y2"
#startgroup
create_pblock {CLKAG_AudioInterface_inst/MCLK_OBUF_BUFG}
add_cells_to_pblock [get_pblocks  {CLKAG_AudioInterface_inst/MCLK_OBUF_BUFG}] [get_cells -filter { PRIMITIVE_GROUP != I/O && IS_PRIMITIVE==1 && PRIMITIVE_LEVEL !=INTERNAL && NAME!=AudioInterface_inst/MCLK_OBUF_inst} -of_object [get_pins -filter {DIRECTION==IN} -of_objects [get_nets -hierarchical -filter {PARENT=="AudioInterface_inst/MCLK_OBUF_BUFG"}]]]
resize_pblock [get_pblocks {CLKAG_AudioInterface_inst/MCLK_OBUF_BUFG}] -add {CLOCKREGION_X0Y1:CLOCKREGION_X0Y1}
#endgroup

# Clock net "AudioInterface_inst/LRCLK_OBUF_BUFG" driven by instance "AudioInterface_inst/LRCLK_OBUF_BUFG_inst" located at site "BUFGCTRL_X0Y0"
#startgroup
create_pblock {CLKAG_AudioInterface_inst/LRCLK_OBUF_BUFG}
add_cells_to_pblock [get_pblocks  {CLKAG_AudioInterface_inst/LRCLK_OBUF_BUFG}] [get_cells -filter { PRIMITIVE_GROUP != I/O && IS_PRIMITIVE==1 && PRIMITIVE_LEVEL !=INTERNAL && NAME!=AudioInterface_inst/LRCLK_OBUF_inst} -of_object [get_pins -filter {DIRECTION==IN} -of_objects [get_nets -hierarchical -filter {PARENT=="AudioInterface_inst/LRCLK_OBUF_BUFG"}]]]
resize_pblock [get_pblocks {CLKAG_AudioInterface_inst/LRCLK_OBUF_BUFG}] -add {CLOCKREGION_X1Y2:CLOCKREGION_X1Y2}
#endgroup

# Clock net "AudioInterface_inst/BCLK_OBUF_BUFG" driven by instance "AudioInterface_inst/BCLK_OBUF_BUFG_inst" located at site "BUFGCTRL_X0Y1"
#startgroup
create_pblock {CLKAG_AudioInterface_inst/BCLK_OBUF_BUFG}
add_cells_to_pblock [get_pblocks  {CLKAG_AudioInterface_inst/BCLK_OBUF_BUFG}] [get_cells -filter { PRIMITIVE_GROUP != I/O && IS_PRIMITIVE==1 && PRIMITIVE_LEVEL !=INTERNAL && NAME!=AudioInterface_inst/BCLK_OBUF_inst} -of_object [get_pins -filter {DIRECTION==IN} -of_objects [get_nets -hierarchical -filter {PARENT=="AudioInterface_inst/BCLK_OBUF_BUFG"}]]]
resize_pblock [get_pblocks {CLKAG_AudioInterface_inst/BCLK_OBUF_BUFG}] -add {CLOCKREGION_X0Y1:CLOCKREGION_X0Y1}
#endgroup
